<?xml version="1.0" encoding="UTF-8"?>
<coverage generated="1764103911518" clover="3.2.0">
  <project timestamp="1764103911518" name="All files">
    <metrics statements="124" coveredstatements="119" conditionals="45" coveredconditionals="34" methods="11" coveredmethods="11" elements="180" coveredelements="164" complexity="0" loc="124" ncloc="124" packages="1" files="1" classes="1"/>
    <file name="goodbye-handler.ts" path="/Users/lucasventurella/code/lv-expense-tracker/whatsapp-bot/src/handlers/engagement/goodbye-handler.ts">
      <metrics statements="124" coveredstatements="119" conditionals="45" coveredconditionals="34" methods="11" coveredmethods="11"/>
      <line num="23" count="1" type="stmt"/>
      <line num="24" count="1" type="stmt"/>
      <line num="25" count="1" type="stmt"/>
      <line num="26" count="1" type="stmt"/>
      <line num="27" count="1" type="stmt"/>
      <line num="28" count="1" type="stmt"/>
      <line num="72" count="1" type="stmt"/>
      <line num="89" count="1" type="stmt"/>
      <line num="90" count="41" type="stmt"/>
      <line num="92" count="41" type="stmt"/>
      <line num="93" count="94" type="cond" truecount="1" falsecount="0"/>
      <line num="94" count="31" type="stmt"/>
      <line num="98" count="31" type="stmt"/>
      <line num="102" count="10" type="stmt"/>
      <line num="109" count="1" type="stmt"/>
      <line num="110" count="7" type="stmt"/>
      <line num="112" count="7" type="cond" truecount="1" falsecount="0"/>
      <line num="113" count="1" type="stmt"/>
      <line num="116" count="6" type="stmt"/>
      <line num="122" count="6" type="stmt"/>
      <line num="137" count="1" type="stmt"/>
      <line num="142" count="37" type="stmt"/>
      <line num="148" count="37" type="stmt"/>
      <line num="150" count="37" type="stmt"/>
      <line num="151" count="36" type="cond" truecount="1" falsecount="0"/>
      <line num="152" count="1" type="stmt"/>
      <line num="157" count="1" type="stmt"/>
      <line num="165" count="35" type="stmt"/>
      <line num="168" count="35" type="stmt"/>
      <line num="178" count="35" type="cond" truecount="3" falsecount="1"/>
      <line num="180" count="12" type="stmt"/>
      <line num="182" count="8" type="stmt"/>
      <line num="184" count="15" type="stmt"/>
      <line num="186" count="0" type="stmt"/>
      <line num="187" count="0" type="stmt"/>
      <line num="193" count="1" type="stmt"/>
      <line num="194" count="1" type="stmt"/>
      <line num="205" count="1" type="stmt"/>
      <line num="208" count="3" type="stmt"/>
      <line num="214" count="3" type="stmt"/>
      <line num="216" count="3" type="stmt"/>
      <line num="236" count="12" type="stmt"/>
      <line num="238" count="12" type="stmt"/>
      <line num="240" count="12" type="stmt"/>
      <line num="245" count="12" type="cond" truecount="1" falsecount="0"/>
      <line num="246" count="1" type="stmt"/>
      <line num="250" count="1" type="stmt"/>
      <line num="257" count="11" type="stmt"/>
      <line num="260" count="10" type="stmt"/>
      <line num="263" count="10" type="stmt"/>
      <line num="267" count="10" type="cond" truecount="1" falsecount="0"/>
      <line num="268" count="1" type="stmt"/>
      <line num="276" count="10" type="cond" truecount="2" falsecount="0"/>
      <line num="280" count="10" type="stmt"/>
      <line num="282" count="10" type="stmt"/>
      <line num="288" count="1" type="stmt"/>
      <line num="289" count="1" type="stmt"/>
      <line num="306" count="8" type="stmt"/>
      <line num="308" count="8" type="stmt"/>
      <line num="310" count="8" type="stmt"/>
      <line num="315" count="7" type="cond" truecount="1" falsecount="0"/>
      <line num="316" count="2" type="stmt"/>
      <line num="320" count="2" type="stmt"/>
      <line num="327" count="5" type="cond" truecount="2" falsecount="0"/>
      <line num="331" count="5" type="stmt"/>
      <line num="333" count="5" type="stmt"/>
      <line num="339" count="1" type="stmt"/>
      <line num="340" count="1" type="stmt"/>
      <line num="357" count="15" type="stmt"/>
      <line num="359" count="15" type="stmt"/>
      <line num="361" count="15" type="stmt"/>
      <line num="366" count="14" type="cond" truecount="1" falsecount="0"/>
      <line num="367" count="3" type="stmt"/>
      <line num="371" count="3" type="stmt"/>
      <line num="378" count="11" type="cond" truecount="2" falsecount="0"/>
      <line num="382" count="11" type="stmt"/>
      <line num="384" count="11" type="stmt"/>
      <line num="390" count="1" type="stmt"/>
      <line num="391" count="1" type="stmt"/>
      <line num="410" count="11" type="stmt"/>
      <line num="412" count="11" type="stmt"/>
      <line num="414" count="11" type="stmt"/>
      <line num="415" count="11" type="stmt"/>
      <line num="424" count="11" type="cond" truecount="1" falsecount="0"/>
      <line num="425" count="1" type="stmt"/>
      <line num="426" count="1" type="stmt"/>
      <line num="429" count="10" type="stmt"/>
      <line num="431" count="1" type="stmt"/>
      <line num="432" count="1" type="stmt"/>
      <line num="440" count="10" type="stmt"/>
      <line num="441" count="10" type="stmt"/>
      <line num="443" count="9" type="cond" truecount="1" falsecount="0"/>
      <line num="444" count="1" type="stmt"/>
      <line num="445" count="1" type="stmt"/>
      <line num="448" count="8" type="stmt"/>
      <line num="457" count="8" type="stmt"/>
      <line num="459" count="1" type="stmt"/>
      <line num="468" count="35" type="stmt"/>
      <line num="470" count="35" type="stmt"/>
      <line num="471" count="35" type="stmt"/>
      <line num="477" count="35" type="cond" truecount="3" falsecount="0"/>
      <line num="478" count="2" type="stmt"/>
      <line num="481" count="33" type="stmt"/>
      <line num="482" count="33" type="stmt"/>
      <line num="483" count="33" type="stmt"/>
      <line num="484" count="33" type="stmt"/>
      <line num="486" count="33" type="stmt"/>
      <line num="488" count="0" type="stmt"/>
      <line num="489" count="0" type="stmt"/>
      <line num="505" count="1" type="stmt"/>
      <line num="511" count="8" type="stmt"/>
      <line num="513" count="8" type="cond" truecount="1" falsecount="0"/>
      <line num="515" count="4" type="stmt"/>
      <line num="518" count="4" type="stmt"/>
      <line num="524" count="4" type="stmt"/>
      <line num="526" count="4" type="cond" truecount="1" falsecount="0"/>
      <line num="528" count="2" type="stmt"/>
      <line num="532" count="2" type="stmt"/>
      <line num="538" count="2" type="stmt"/>
      <line num="542" count="2" type="stmt"/>
      <line num="544" count="2" type="cond" truecount="1" falsecount="0"/>
      <line num="545" count="2" type="stmt"/>
      <line num="551" count="2" type="cond" truecount="2" falsecount="0"/>
      <line num="556" count="0" type="cond" truecount="0" falsecount="2"/>
    </file>
  </project>
</coverage>
