{"/Users/lucasventurella/code/lv-expense-tracker/whatsapp-bot/src/handlers/engagement/goodbye-handler.ts": {"path":"/Users/lucasventurella/code/lv-expense-tracker/whatsapp-bot/src/handlers/engagement/goodbye-handler.ts","statementMap":{"0":{"start":{"line":89,"column":0},"end":{"line":89,"column":16}},"1":{"start":{"line":109,"column":0},"end":{"line":109,"column":16}},"2":{"start":{"line":137,"column":0},"end":{"line":137,"column":7}},"3":{"start":{"line":205,"column":0},"end":{"line":205,"column":7}},"4":{"start":{"line":505,"column":0},"end":{"line":505,"column":7}},"5":{"start":{"line":23,"column":0},"end":{"line":23,"column":60}},"6":{"start":{"line":24,"column":0},"end":{"line":24,"column":78}},"7":{"start":{"line":25,"column":0},"end":{"line":25,"column":96}},"8":{"start":{"line":26,"column":0},"end":{"line":26,"column":73}},"9":{"start":{"line":27,"column":0},"end":{"line":27,"column":83}},"10":{"start":{"line":28,"column":0},"end":{"line":28,"column":53}},"11":{"start":{"line":72,"column":63},"end":{"line":76,"column":null}},"12":{"start":{"line":90,"column":18},"end":{"line":90,"column":36}},"13":{"start":{"line":92,"column":2},"end":{"line":100,"column":3}},"14":{"start":{"line":93,"column":4},"end":{"line":99,"column":5}},"15":{"start":{"line":94,"column":6},"end":{"line":97,"column":null}},"16":{"start":{"line":98,"column":6},"end":{"line":98,"column":null}},"17":{"start":{"line":102,"column":2},"end":{"line":102,"column":null}},"18":{"start":{"line":110,"column":23},"end":{"line":110,"column":53}},"19":{"start":{"line":112,"column":2},"end":{"line":114,"column":3}},"20":{"start":{"line":113,"column":4},"end":{"line":113,"column":null}},"21":{"start":{"line":116,"column":63},"end":{"line":120,"column":null}},"22":{"start":{"line":122,"column":2},"end":{"line":122,"column":null}},"23":{"start":{"line":142,"column":2},"end":{"line":146,"column":null}},"24":{"start":{"line":148,"column":2},"end":{"line":198,"column":3}},"25":{"start":{"line":150,"column":25},"end":{"line":150,"column":57}},"26":{"start":{"line":151,"column":4},"end":{"line":162,"column":5}},"27":{"start":{"line":152,"column":6},"end":{"line":156,"column":null}},"28":{"start":{"line":157,"column":6},"end":{"line":161,"column":null}},"29":{"start":{"line":165,"column":29},"end":{"line":165,"column":68}},"30":{"start":{"line":168,"column":4},"end":{"line":175,"column":null}},"31":{"start":{"line":178,"column":4},"end":{"line":191,"column":5}},"32":{"start":{"line":180,"column":8},"end":{"line":180,"column":null}},"33":{"start":{"line":182,"column":8},"end":{"line":182,"column":null}},"34":{"start":{"line":184,"column":8},"end":{"line":184,"column":null}},"35":{"start":{"line":186,"column":8},"end":{"line":186,"column":null}},"36":{"start":{"line":187,"column":8},"end":{"line":190,"column":null}},"37":{"start":{"line":193,"column":4},"end":{"line":193,"column":null}},"38":{"start":{"line":194,"column":4},"end":{"line":197,"column":null}},"39":{"start":{"line":208,"column":66},"end":{"line":212,"column":null}},"40":{"start":{"line":214,"column":23},"end":{"line":214,"column":63}},"41":{"start":{"line":216,"column":2},"end":{"line":216,"column":null}},"42":{"start":{"line":236,"column":2},"end":{"line":236,"column":null}},"43":{"start":{"line":238,"column":2},"end":{"line":293,"column":3}},"44":{"start":{"line":240,"column":27},"end":{"line":243,"column":6}},"45":{"start":{"line":245,"column":4},"end":{"line":254,"column":5}},"46":{"start":{"line":246,"column":6},"end":{"line":249,"column":null}},"47":{"start":{"line":250,"column":6},"end":{"line":253,"column":null}},"48":{"start":{"line":257,"column":4},"end":{"line":257,"column":null}},"49":{"start":{"line":260,"column":4},"end":{"line":260,"column":null}},"50":{"start":{"line":263,"column":25},"end":{"line":265,"column":6}},"51":{"start":{"line":267,"column":4},"end":{"line":273,"column":5}},"52":{"start":{"line":268,"column":6},"end":{"line":271,"column":null}},"53":{"start":{"line":276,"column":20},"end":{"line":278,"column":171}},"54":{"start":{"line":280,"column":4},"end":{"line":280,"column":null}},"55":{"start":{"line":282,"column":4},"end":{"line":286,"column":null}},"56":{"start":{"line":288,"column":4},"end":{"line":288,"column":null}},"57":{"start":{"line":289,"column":4},"end":{"line":292,"column":null}},"58":{"start":{"line":306,"column":2},"end":{"line":306,"column":null}},"59":{"start":{"line":308,"column":2},"end":{"line":344,"column":3}},"60":{"start":{"line":310,"column":19},"end":{"line":313,"column":6}},"61":{"start":{"line":315,"column":4},"end":{"line":324,"column":5}},"62":{"start":{"line":316,"column":6},"end":{"line":319,"column":null}},"63":{"start":{"line":320,"column":6},"end":{"line":323,"column":null}},"64":{"start":{"line":327,"column":20},"end":{"line":329,"column":93}},"65":{"start":{"line":331,"column":4},"end":{"line":331,"column":null}},"66":{"start":{"line":333,"column":4},"end":{"line":337,"column":null}},"67":{"start":{"line":339,"column":4},"end":{"line":339,"column":null}},"68":{"start":{"line":340,"column":4},"end":{"line":343,"column":null}},"69":{"start":{"line":357,"column":2},"end":{"line":357,"column":null}},"70":{"start":{"line":359,"column":2},"end":{"line":395,"column":3}},"71":{"start":{"line":361,"column":19},"end":{"line":364,"column":6}},"72":{"start":{"line":366,"column":4},"end":{"line":375,"column":5}},"73":{"start":{"line":367,"column":6},"end":{"line":370,"column":null}},"74":{"start":{"line":371,"column":6},"end":{"line":374,"column":null}},"75":{"start":{"line":378,"column":20},"end":{"line":380,"column":90}},"76":{"start":{"line":382,"column":4},"end":{"line":382,"column":null}},"77":{"start":{"line":384,"column":4},"end":{"line":388,"column":null}},"78":{"start":{"line":390,"column":4},"end":{"line":390,"column":null}},"79":{"start":{"line":391,"column":4},"end":{"line":394,"column":null}},"80":{"start":{"line":410,"column":19},"end":{"line":410,"column":38}},"81":{"start":{"line":412,"column":2},"end":{"line":412,"column":null}},"82":{"start":{"line":414,"column":2},"end":{"line":433,"column":3}},"83":{"start":{"line":415,"column":22},"end":{"line":422,"column":23}},"84":{"start":{"line":424,"column":4},"end":{"line":427,"column":5}},"85":{"start":{"line":425,"column":6},"end":{"line":425,"column":null}},"86":{"start":{"line":426,"column":6},"end":{"line":426,"column":null}},"87":{"start":{"line":429,"column":4},"end":{"line":429,"column":null}},"88":{"start":{"line":431,"column":4},"end":{"line":431,"column":null}},"89":{"start":{"line":432,"column":4},"end":{"line":432,"column":null}},"90":{"start":{"line":440,"column":2},"end":{"line":461,"column":3}},"91":{"start":{"line":441,"column":24},"end":{"line":441,"column":59}},"92":{"start":{"line":443,"column":4},"end":{"line":446,"column":5}},"93":{"start":{"line":444,"column":6},"end":{"line":444,"column":null}},"94":{"start":{"line":445,"column":6},"end":{"line":445,"column":12}},"95":{"start":{"line":448,"column":4},"end":{"line":455,"column":null}},"96":{"start":{"line":457,"column":4},"end":{"line":457,"column":null}},"97":{"start":{"line":459,"column":4},"end":{"line":459,"column":null}},"98":{"start":{"line":468,"column":19},"end":{"line":468,"column":38}},"99":{"start":{"line":470,"column":2},"end":{"line":490,"column":3}},"100":{"start":{"line":471,"column":28},"end":{"line":475,"column":15}},"101":{"start":{"line":477,"column":4},"end":{"line":479,"column":5}},"102":{"start":{"line":478,"column":6},"end":{"line":478,"column":null}},"103":{"start":{"line":481,"column":26},"end":{"line":481,"column":56}},"104":{"start":{"line":482,"column":16},"end":{"line":482,"column":26}},"105":{"start":{"line":483,"column":19},"end":{"line":483,"column":58}},"106":{"start":{"line":484,"column":21},"end":{"line":484,"column":63}},"107":{"start":{"line":486,"column":4},"end":{"line":486,"column":null}},"108":{"start":{"line":488,"column":4},"end":{"line":488,"column":null}},"109":{"start":{"line":489,"column":4},"end":{"line":489,"column":null}},"110":{"start":{"line":511,"column":23},"end":{"line":511,"column":55}},"111":{"start":{"line":513,"column":2},"end":{"line":516,"column":3}},"112":{"start":{"line":515,"column":4},"end":{"line":515,"column":null}},"113":{"start":{"line":518,"column":2},"end":{"line":521,"column":null}},"114":{"start":{"line":524,"column":23},"end":{"line":524,"column":53}},"115":{"start":{"line":526,"column":2},"end":{"line":539,"column":3}},"116":{"start":{"line":528,"column":4},"end":{"line":530,"column":null}},"117":{"start":{"line":532,"column":4},"end":{"line":535,"column":null}},"118":{"start":{"line":538,"column":4},"end":{"line":538,"column":null}},"119":{"start":{"line":542,"column":17},"end":{"line":542,"column":75}},"120":{"start":{"line":544,"column":2},"end":{"line":554,"column":3}},"121":{"start":{"line":545,"column":4},"end":{"line":549,"column":null}},"122":{"start":{"line":551,"column":4},"end":{"line":553,"column":null}},"123":{"start":{"line":556,"column":2},"end":{"line":556,"column":null}}},"fnMap":{"0":{"name":"isGoodbyeResponse","decl":{"start":{"line":89,"column":16},"end":{"line":89,"column":33}},"loc":{"start":{"line":89,"column":53},"end":{"line":103,"column":1}}},"1":{"name":"parseGoodbyeResponse","decl":{"start":{"line":109,"column":16},"end":{"line":109,"column":36}},"loc":{"start":{"line":109,"column":56},"end":{"line":123,"column":1}}},"2":{"name":"processGoodbyeResponse","decl":{"start":{"line":137,"column":22},"end":{"line":137,"column":44}},"loc":{"start":{"line":140,"column":34},"end":{"line":199,"column":1}}},"3":{"name":"handleGoodbyeResponse","decl":{"start":{"line":205,"column":22},"end":{"line":205,"column":43}},"loc":{"start":{"line":206,"column":27},"end":{"line":217,"column":1}}},"4":{"name":"handleConfusedResponse","decl":{"start":{"line":231,"column":15},"end":{"line":231,"column":37}},"loc":{"start":{"line":234,"column":26},"end":{"line":294,"column":1}}},"5":{"name":"handleBusyResponse","decl":{"start":{"line":301,"column":15},"end":{"line":301,"column":33}},"loc":{"start":{"line":304,"column":26},"end":{"line":345,"column":1}}},"6":{"name":"handleAllGoodResponse","decl":{"start":{"line":352,"column":15},"end":{"line":352,"column":36}},"loc":{"start":{"line":355,"column":26},"end":{"line":396,"column":1}}},"7":{"name":"resetOnboardingProgress","decl":{"start":{"line":409,"column":15},"end":{"line":409,"column":38}},"loc":{"start":{"line":409,"column":53},"end":{"line":434,"column":1}}},"8":{"name":"queueHelpRestartMessage","decl":{"start":{"line":439,"column":15},"end":{"line":439,"column":38}},"loc":{"start":{"line":439,"column":77},"end":{"line":462,"column":1}}},"9":{"name":"calculateDaysSinceGoodbye","decl":{"start":{"line":467,"column":15},"end":{"line":467,"column":40}},"loc":{"start":{"line":467,"column":55},"end":{"line":491,"column":1}}},"10":{"name":"checkAndHandleGoodbyeResponse","decl":{"start":{"line":505,"column":22},"end":{"line":505,"column":51}},"loc":{"start":{"line":508,"column":34},"end":{"line":557,"column":1}}}},"branchMap":{"0":{"loc":{"start":{"line":93,"column":4},"end":{"line":99,"column":5}},"type":"if","locations":[{"start":{"line":93,"column":4},"end":{"line":99,"column":5}}]},"1":{"loc":{"start":{"line":112,"column":2},"end":{"line":114,"column":3}},"type":"if","locations":[{"start":{"line":112,"column":2},"end":{"line":114,"column":3}}]},"2":{"loc":{"start":{"line":140,"column":2},"end":{"line":140,"column":34}},"type":"default-arg","locations":[{"start":{"line":140,"column":27},"end":{"line":140,"column":34}}]},"3":{"loc":{"start":{"line":151,"column":4},"end":{"line":162,"column":5}},"type":"if","locations":[{"start":{"line":151,"column":4},"end":{"line":162,"column":5}}]},"4":{"loc":{"start":{"line":178,"column":4},"end":{"line":191,"column":5}},"type":"switch","locations":[{"start":{"line":179,"column":6},"end":{"line":180,"column":null}},{"start":{"line":181,"column":6},"end":{"line":182,"column":null}},{"start":{"line":183,"column":6},"end":{"line":184,"column":null}},{"start":{"line":185,"column":6},"end":{"line":190,"column":null}}]},"5":{"loc":{"start":{"line":196,"column":13},"end":{"line":196,"column":69}},"type":"cond-expr","locations":[{"start":{"line":196,"column":38},"end":{"line":196,"column":51}},{"start":{"line":196,"column":54},"end":{"line":196,"column":69}}]},"6":{"loc":{"start":{"line":245,"column":4},"end":{"line":254,"column":5}},"type":"if","locations":[{"start":{"line":245,"column":4},"end":{"line":254,"column":5}}]},"7":{"loc":{"start":{"line":252,"column":15},"end":{"line":252,"column":74}},"type":"binary-expr","locations":[{"start":{"line":252,"column":15},"end":{"line":252,"column":35}},{"start":{"line":252,"column":39},"end":{"line":252,"column":74}}]},"8":{"loc":{"start":{"line":267,"column":4},"end":{"line":273,"column":5}},"type":"if","locations":[{"start":{"line":267,"column":4},"end":{"line":273,"column":5}}]},"9":{"loc":{"start":{"line":276,"column":20},"end":{"line":278,"column":171}},"type":"cond-expr","locations":[{"start":{"line":277,"column":8},"end":{"line":277,"column":160}},{"start":{"line":278,"column":8},"end":{"line":278,"column":171}}]},"10":{"loc":{"start":{"line":291,"column":13},"end":{"line":291,"column":69}},"type":"cond-expr","locations":[{"start":{"line":291,"column":38},"end":{"line":291,"column":51}},{"start":{"line":291,"column":54},"end":{"line":291,"column":69}}]},"11":{"loc":{"start":{"line":315,"column":4},"end":{"line":324,"column":5}},"type":"if","locations":[{"start":{"line":315,"column":4},"end":{"line":324,"column":5}}]},"12":{"loc":{"start":{"line":322,"column":15},"end":{"line":322,"column":69}},"type":"binary-expr","locations":[{"start":{"line":322,"column":15},"end":{"line":322,"column":27}},{"start":{"line":322,"column":31},"end":{"line":322,"column":69}}]},"13":{"loc":{"start":{"line":327,"column":20},"end":{"line":329,"column":93}},"type":"cond-expr","locations":[{"start":{"line":328,"column":8},"end":{"line":328,"column":88}},{"start":{"line":329,"column":8},"end":{"line":329,"column":93}}]},"14":{"loc":{"start":{"line":342,"column":13},"end":{"line":342,"column":69}},"type":"cond-expr","locations":[{"start":{"line":342,"column":38},"end":{"line":342,"column":51}},{"start":{"line":342,"column":54},"end":{"line":342,"column":69}}]},"15":{"loc":{"start":{"line":366,"column":4},"end":{"line":375,"column":5}},"type":"if","locations":[{"start":{"line":366,"column":4},"end":{"line":375,"column":5}}]},"16":{"loc":{"start":{"line":373,"column":15},"end":{"line":373,"column":64}},"type":"binary-expr","locations":[{"start":{"line":373,"column":15},"end":{"line":373,"column":27}},{"start":{"line":373,"column":31},"end":{"line":373,"column":64}}]},"17":{"loc":{"start":{"line":378,"column":20},"end":{"line":380,"column":90}},"type":"cond-expr","locations":[{"start":{"line":379,"column":8},"end":{"line":379,"column":96}},{"start":{"line":380,"column":8},"end":{"line":380,"column":90}}]},"18":{"loc":{"start":{"line":393,"column":13},"end":{"line":393,"column":69}},"type":"cond-expr","locations":[{"start":{"line":393,"column":38},"end":{"line":393,"column":51}},{"start":{"line":393,"column":54},"end":{"line":393,"column":69}}]},"19":{"loc":{"start":{"line":424,"column":4},"end":{"line":427,"column":5}},"type":"if","locations":[{"start":{"line":424,"column":4},"end":{"line":427,"column":5}}]},"20":{"loc":{"start":{"line":443,"column":4},"end":{"line":446,"column":5}},"type":"if","locations":[{"start":{"line":443,"column":4},"end":{"line":446,"column":5}}]},"21":{"loc":{"start":{"line":477,"column":4},"end":{"line":479,"column":5}},"type":"if","locations":[{"start":{"line":477,"column":4},"end":{"line":479,"column":5}}]},"22":{"loc":{"start":{"line":477,"column":8},"end":{"line":477,"column":39}},"type":"binary-expr","locations":[{"start":{"line":477,"column":8},"end":{"line":477,"column":13}},{"start":{"line":477,"column":17},"end":{"line":477,"column":39}}]},"23":{"loc":{"start":{"line":508,"column":2},"end":{"line":508,"column":34}},"type":"default-arg","locations":[{"start":{"line":508,"column":27},"end":{"line":508,"column":34}}]},"24":{"loc":{"start":{"line":513,"column":2},"end":{"line":516,"column":3}},"type":"if","locations":[{"start":{"line":513,"column":2},"end":{"line":516,"column":3}}]},"25":{"loc":{"start":{"line":526,"column":2},"end":{"line":539,"column":3}},"type":"if","locations":[{"start":{"line":526,"column":2},"end":{"line":539,"column":3}}]},"26":{"loc":{"start":{"line":544,"column":2},"end":{"line":554,"column":3}},"type":"if","locations":[{"start":{"line":544,"column":2},"end":{"line":554,"column":3}}]},"27":{"loc":{"start":{"line":551,"column":11},"end":{"line":553,"column":53}},"type":"cond-expr","locations":[{"start":{"line":552,"column":8},"end":{"line":552,"column":56}},{"start":{"line":553,"column":8},"end":{"line":553,"column":53}}]},"28":{"loc":{"start":{"line":556,"column":9},"end":{"line":556,"column":31}},"type":"binary-expr","locations":[{"start":{"line":556,"column":9},"end":{"line":556,"column":23}},{"start":{"line":556,"column":27},"end":{"line":556,"column":31}}]}},"s":{"0":1,"1":1,"2":1,"3":1,"4":1,"5":1,"6":1,"7":1,"8":1,"9":1,"10":1,"11":1,"12":41,"13":41,"14":94,"15":31,"16":31,"17":10,"18":7,"19":7,"20":1,"21":6,"22":6,"23":37,"24":37,"25":37,"26":36,"27":1,"28":1,"29":35,"30":35,"31":35,"32":12,"33":8,"34":15,"35":0,"36":0,"37":1,"38":1,"39":3,"40":3,"41":3,"42":12,"43":12,"44":12,"45":12,"46":1,"47":1,"48":11,"49":10,"50":10,"51":10,"52":1,"53":10,"54":10,"55":10,"56":1,"57":1,"58":8,"59":8,"60":8,"61":7,"62":2,"63":2,"64":5,"65":5,"66":5,"67":1,"68":1,"69":15,"70":15,"71":15,"72":14,"73":3,"74":3,"75":11,"76":11,"77":11,"78":1,"79":1,"80":11,"81":11,"82":11,"83":11,"84":11,"85":1,"86":1,"87":10,"88":1,"89":1,"90":10,"91":10,"92":9,"93":1,"94":1,"95":8,"96":8,"97":1,"98":35,"99":35,"100":35,"101":35,"102":2,"103":33,"104":33,"105":33,"106":33,"107":33,"108":0,"109":0,"110":8,"111":8,"112":4,"113":4,"114":4,"115":4,"116":2,"117":2,"118":2,"119":2,"120":2,"121":2,"122":2,"123":0},"f":{"0":41,"1":7,"2":37,"3":3,"4":12,"5":8,"6":15,"7":11,"8":10,"9":35,"10":8},"b":{"0":[31],"1":[1],"2":[1],"3":[1],"4":[12,8,15,0],"5":[1,0],"6":[1],"7":[1,0],"8":[1],"9":[1,9],"10":[0,1],"11":[2],"12":[2,0],"13":[1,4],"14":[1,0],"15":[3],"16":[3,0],"17":[2,9],"18":[1,0],"19":[1],"20":[1],"21":[2],"22":[35,34],"23":[0],"24":[4],"25":[2],"26":[2],"27":[1,1],"28":[0,0]}}
}
