TN:
SF:src/handlers/engagement/goodbye-handler.ts
FN:89,isGoodbyeResponse
FN:109,parseGoodbyeResponse
FN:137,processGoodbyeResponse
FN:205,handleGoodbyeResponse
FN:231,handleConfusedResponse
FN:301,handleBusyResponse
FN:352,handleAllGoodResponse
FN:409,resetOnboardingProgress
FN:439,queueHelpRestartMessage
FN:467,calculateDaysSinceGoodbye
FN:505,checkAndHandleGoodbyeResponse
FNF:11
FNH:11
FNDA:41,isGoodbyeResponse
FNDA:7,parseGoodbyeResponse
FNDA:37,processGoodbyeResponse
FNDA:3,handleGoodbyeResponse
FNDA:12,handleConfusedResponse
FNDA:8,handleBusyResponse
FNDA:15,handleAllGoodResponse
FNDA:11,resetOnboardingProgress
FNDA:10,queueHelpRestartMessage
FNDA:35,calculateDaysSinceGoodbye
FNDA:8,checkAndHandleGoodbyeResponse
DA:23,1
DA:24,1
DA:25,1
DA:26,1
DA:27,1
DA:28,1
DA:72,1
DA:89,1
DA:90,41
DA:92,41
DA:93,94
DA:94,31
DA:98,31
DA:102,10
DA:109,1
DA:110,7
DA:112,7
DA:113,1
DA:116,6
DA:122,6
DA:137,1
DA:142,37
DA:148,37
DA:150,37
DA:151,36
DA:152,1
DA:157,1
DA:165,35
DA:168,35
DA:178,35
DA:180,12
DA:182,8
DA:184,15
DA:186,0
DA:187,0
DA:193,1
DA:194,1
DA:205,1
DA:208,3
DA:214,3
DA:216,3
DA:236,12
DA:238,12
DA:240,12
DA:245,12
DA:246,1
DA:250,1
DA:257,11
DA:260,10
DA:263,10
DA:267,10
DA:268,1
DA:276,10
DA:280,10
DA:282,10
DA:288,1
DA:289,1
DA:306,8
DA:308,8
DA:310,8
DA:315,7
DA:316,2
DA:320,2
DA:327,5
DA:331,5
DA:333,5
DA:339,1
DA:340,1
DA:357,15
DA:359,15
DA:361,15
DA:366,14
DA:367,3
DA:371,3
DA:378,11
DA:382,11
DA:384,11
DA:390,1
DA:391,1
DA:410,11
DA:412,11
DA:414,11
DA:415,11
DA:424,11
DA:425,1
DA:426,1
DA:429,10
DA:431,1
DA:432,1
DA:440,10
DA:441,10
DA:443,9
DA:444,1
DA:445,1
DA:448,8
DA:457,8
DA:459,1
DA:468,35
DA:470,35
DA:471,35
DA:477,35
DA:478,2
DA:481,33
DA:482,33
DA:483,33
DA:484,33
DA:486,33
DA:488,0
DA:489,0
DA:505,1
DA:511,8
DA:513,8
DA:515,4
DA:518,4
DA:524,4
DA:526,4
DA:528,2
DA:532,2
DA:538,2
DA:542,2
DA:544,2
DA:545,2
DA:551,2
DA:556,0
LF:124
LH:119
BRDA:93,0,0,31
BRDA:112,1,0,1
BRDA:140,2,0,1
BRDA:151,3,0,1
BRDA:178,4,0,12
BRDA:178,4,1,8
BRDA:178,4,2,15
BRDA:178,4,3,0
BRDA:196,5,0,1
BRDA:196,5,1,0
BRDA:245,6,0,1
BRDA:252,7,0,1
BRDA:252,7,1,0
BRDA:267,8,0,1
BRDA:276,9,0,1
BRDA:276,9,1,9
BRDA:291,10,0,0
BRDA:291,10,1,1
BRDA:315,11,0,2
BRDA:322,12,0,2
BRDA:322,12,1,0
BRDA:327,13,0,1
BRDA:327,13,1,4
BRDA:342,14,0,1
BRDA:342,14,1,0
BRDA:366,15,0,3
BRDA:373,16,0,3
BRDA:373,16,1,0
BRDA:378,17,0,2
BRDA:378,17,1,9
BRDA:393,18,0,1
BRDA:393,18,1,0
BRDA:424,19,0,1
BRDA:443,20,0,1
BRDA:477,21,0,2
BRDA:477,22,0,35
BRDA:477,22,1,34
BRDA:508,23,0,0
BRDA:513,24,0,4
BRDA:526,25,0,2
BRDA:544,26,0,2
BRDA:551,27,0,1
BRDA:551,27,1,1
BRDA:556,28,0,0
BRDA:556,28,1,0
BRF:45
BRH:34
end_of_record
